29-Sep-2024 09:49:35.289 INFO [main] org.apache.catalina.startup.VersionLoggerListener.log Server version name:   Apache Tomcat/9.0.87
29-Sep-2024 09:49:35.308 INFO [main] org.apache.catalina.startup.VersionLoggerListener.log Server built:          Mar 11 2024 10:12:34 UTC
29-Sep-2024 09:49:35.310 INFO [main] org.apache.catalina.startup.VersionLoggerListener.log Server version number: 9.0.87.0
29-Sep-2024 09:49:35.311 INFO [main] org.apache.catalina.startup.VersionLoggerListener.log OS Name:               Windows 10
29-Sep-2024 09:49:35.312 INFO [main] org.apache.catalina.startup.VersionLoggerListener.log OS Version:            10.0
29-Sep-2024 09:49:35.313 INFO [main] org.apache.catalina.startup.VersionLoggerListener.log Architecture:          amd64
29-Sep-2024 09:49:35.313 INFO [main] org.apache.catalina.startup.VersionLoggerListener.log Java Home:             C:\Program Files\Java\jdk-20
29-Sep-2024 09:49:35.314 INFO [main] org.apache.catalina.startup.VersionLoggerListener.log JVM Version:           20.0.2+9-78
29-Sep-2024 09:49:35.315 INFO [main] org.apache.catalina.startup.VersionLoggerListener.log JVM Vendor:            Oracle Corporation
29-Sep-2024 09:49:35.316 INFO [main] org.apache.catalina.startup.VersionLoggerListener.log CATALINA_BASE:         E:\project\ENotes
29-Sep-2024 09:49:35.316 INFO [main] org.apache.catalina.startup.VersionLoggerListener.log CATALINA_HOME:         E:\software\apache-tomcat-9.0.87
29-Sep-2024 09:49:35.366 INFO [main] org.apache.catalina.startup.VersionLoggerListener.log Command line argument: --add-opens=java.base/java.lang=ALL-UNNAMED
29-Sep-2024 09:49:35.367 INFO [main] org.apache.catalina.startup.VersionLoggerListener.log Command line argument: --add-opens=java.base/java.io=ALL-UNNAMED
29-Sep-2024 09:49:35.368 INFO [main] org.apache.catalina.startup.VersionLoggerListener.log Command line argument: --add-opens=java.base/java.util=ALL-UNNAMED
29-Sep-2024 09:49:35.368 INFO [main] org.apache.catalina.startup.VersionLoggerListener.log Command line argument: --add-opens=java.base/java.util.concurrent=ALL-UNNAMED
29-Sep-2024 09:49:35.369 INFO [main] org.apache.catalina.startup.VersionLoggerListener.log Command line argument: --add-opens=java.rmi/sun.rmi.transport=ALL-UNNAMED
29-Sep-2024 09:49:35.370 INFO [main] org.apache.catalina.startup.VersionLoggerListener.log Command line argument: -Dcatalina.home=E:\software\apache-tomcat-9.0.87
29-Sep-2024 09:49:35.370 INFO [main] org.apache.catalina.startup.VersionLoggerListener.log Command line argument: -Dcatalina.base=E:\project\ENotes
29-Sep-2024 09:49:35.370 INFO [main] org.apache.catalina.startup.VersionLoggerListener.log Command line argument: -Djava.io.tmpdir=E:\project\ENotes\temp
29-Sep-2024 09:49:35.371 INFO [main] org.apache.catalina.startup.VersionLoggerListener.log Command line argument: -Djava.util.logging.config.file=E:\project\ENotes\conf\logging.properties
29-Sep-2024 09:49:35.372 INFO [main] org.apache.catalina.startup.VersionLoggerListener.log Command line argument: -Djava.util.logging.manager=org.apache.juli.ClassLoaderLogManager
29-Sep-2024 09:49:35.372 INFO [main] org.apache.catalina.startup.VersionLoggerListener.log Command line argument: -javaagent:C:\Program Files\JetBrains\IntelliJ IDEA Community Edition 2023.3.4\lib\idea_rt.jar=61742:C:\Program Files\JetBrains\IntelliJ IDEA Community Edition 2023.3.4\bin
29-Sep-2024 09:49:35.373 INFO [main] org.apache.catalina.startup.VersionLoggerListener.log Command line argument: -Dfile.encoding=UTF-8
29-Sep-2024 09:49:35.374 INFO [main] org.apache.catalina.startup.VersionLoggerListener.log Command line argument: -Dsun.stdout.encoding=UTF-8
29-Sep-2024 09:49:35.374 INFO [main] org.apache.catalina.startup.VersionLoggerListener.log Command line argument: -Dsun.stderr.encoding=UTF-8
29-Sep-2024 09:49:35.466 INFO [main] org.apache.catalina.core.AprLifecycleListener.lifecycleEvent Loaded Apache Tomcat Native library [1.3.0] using APR version [1.7.4].
29-Sep-2024 09:49:35.467 INFO [main] org.apache.catalina.core.AprLifecycleListener.lifecycleEvent APR capabilities: IPv6 [true], sendfile [true], accept filters [false], random [true], UDS [true].
29-Sep-2024 09:49:35.468 INFO [main] org.apache.catalina.core.AprLifecycleListener.lifecycleEvent APR/OpenSSL configuration: useAprConnector [false], useOpenSSL [true]
29-Sep-2024 09:49:35.525 INFO [main] org.apache.catalina.core.AprLifecycleListener.initializeSSL OpenSSL successfully initialized [OpenSSL 3.0.13 30 Jan 2024]
29-Sep-2024 09:49:37.585 INFO [main] org.apache.coyote.AbstractProtocol.init Initializing ProtocolHandler ["http-nio-8080"]
29-Sep-2024 09:49:37.703 INFO [main] org.apache.catalina.startup.Catalina.load Server initialization in [3431] milliseconds
29-Sep-2024 09:49:38.005 INFO [main] org.apache.catalina.core.StandardService.startInternal Starting service [Catalina]
29-Sep-2024 09:49:38.006 INFO [main] org.apache.catalina.core.StandardEngine.startInternal Starting Servlet engine: [Apache Tomcat/9.0.87]
29-Sep-2024 09:49:38.050 INFO [main] org.apache.catalina.startup.HostConfig.deployDescriptor Deploying deployment descriptor [E:\project\ENotes\conf\Catalina\localhost\ENotes.xml]
29-Sep-2024 09:49:40.835 INFO [main] org.apache.jasper.servlet.TldScanner.scanJars At least one JAR was scanned for TLDs yet contained no TLDs. Enable debug logging for this logger for a complete list of JARs that were scanned but no TLDs were found in them. Skipping unneeded JARs during scanning can improve startup time and JSP compilation time.
29-Sep-2024 09:49:41.263 WARNING [main] org.apache.catalina.util.SessionIdGeneratorBase.createSecureRandom Creation of SecureRandom instance for session ID generation using [SHA1PRNG] took [301] milliseconds.
29-Sep-2024 09:49:41.464 INFO [main] org.apache.catalina.startup.HostConfig.deployDescriptor Deployment of deployment descriptor [E:\project\ENotes\conf\Catalina\localhost\ENotes.xml] has finished in [3,413] ms
29-Sep-2024 09:49:41.502 INFO [main] org.apache.coyote.AbstractProtocol.start Starting ProtocolHandler ["http-nio-8080"]
29-Sep-2024 09:49:41.912 INFO [main] org.apache.catalina.startup.Catalina.start Server startup in [4203] milliseconds
29-Sep-2024 10:18:42.886 INFO [Thread-1] org.apache.coyote.AbstractProtocol.pause Pausing ProtocolHandler ["http-nio-8080"]
29-Sep-2024 10:18:43.058 INFO [Thread-1] org.apache.catalina.core.StandardService.stopInternal Stopping service [Catalina]
29-Sep-2024 10:18:43.408 INFO [Thread-1] org.apache.coyote.AbstractProtocol.stop Stopping ProtocolHandler ["http-nio-8080"]
29-Sep-2024 10:18:43.459 INFO [Thread-1] org.apache.coyote.AbstractProtocol.destroy Destroying ProtocolHandler ["http-nio-8080"]
